mode: atomic
github.com/denislavPetkov/sensor/internal/pkg/model/device/device.go:19.52,21.2 1 1
github.com/denislavPetkov/sensor/internal/pkg/model/device/device.go:23.97,28.43 4 1
github.com/denislavPetkov/sensor/internal/pkg/model/device/device.go:36.2,37.16 2 1
github.com/denislavPetkov/sensor/internal/pkg/model/device/device.go:41.2,41.26 1 1
github.com/denislavPetkov/sensor/internal/pkg/model/device/device.go:28.43,30.44 2 1
github.com/denislavPetkov/sensor/internal/pkg/model/device/device.go:30.44,33.4 2 0
github.com/denislavPetkov/sensor/internal/pkg/model/device/device.go:37.16,39.3 1 0
github.com/denislavPetkov/sensor/internal/pkg/model/device/device.go:44.117,47.33 2 1
github.com/denislavPetkov/sensor/internal/pkg/model/device/device.go:54.2,54.26 1 1
github.com/denislavPetkov/sensor/internal/pkg/model/device/device.go:47.33,49.17 2 0
github.com/denislavPetkov/sensor/internal/pkg/model/device/device.go:52.3,52.52 1 0
github.com/denislavPetkov/sensor/internal/pkg/model/device/device.go:49.17,51.4 1 0
github.com/denislavPetkov/sensor/internal/pkg/model/device/device.go:57.84,59.2 1 0
github.com/denislavPetkov/sensor/internal/pkg/model/device/device.go:61.38,63.2 1 1
github.com/denislavPetkov/sensor/internal/pkg/model/device/device.go:65.76,69.43 2 0
github.com/denislavPetkov/sensor/internal/pkg/model/device/device.go:78.2,78.33 1 0
github.com/denislavPetkov/sensor/internal/pkg/model/device/device.go:69.43,71.34 2 0
github.com/denislavPetkov/sensor/internal/pkg/model/device/device.go:71.34,74.4 2 0
github.com/denislavPetkov/sensor/internal/pkg/model/device/device.go:74.9,76.4 1 0
