mode: atomic
github.com/denislavPetkov/sensor/internal/pkg/model/device/deviceregistry/device_registry.go:19.71,23.17 3 1
github.com/denislavPetkov/sensor/internal/pkg/model/device/deviceregistry/device_registry.go:29.2,29.16 1 1
github.com/denislavPetkov/sensor/internal/pkg/model/device/deviceregistry/device_registry.go:34.2,34.22 1 1
github.com/denislavPetkov/sensor/internal/pkg/model/device/deviceregistry/device_registry.go:23.17,27.3 2 1
github.com/denislavPetkov/sensor/internal/pkg/model/device/deviceregistry/device_registry.go:29.16,32.3 2 0
github.com/denislavPetkov/sensor/internal/pkg/model/device/deviceregistry/device_registry.go:37.55,39.2 1 1
