mode: atomic
github.com/denislavPetkov/sensor/internal/pkg/model/measurement/measurement.go:17.105,27.2 2 1
github.com/denislavPetkov/sensor/internal/pkg/model/measurement/measurement.go:29.75,32.16 2 2
github.com/denislavPetkov/sensor/internal/pkg/model/measurement/measurement.go:35.2,37.18 2 2
github.com/denislavPetkov/sensor/internal/pkg/model/measurement/measurement.go:41.2,41.38 1 1
github.com/denislavPetkov/sensor/internal/pkg/model/measurement/measurement.go:47.2,49.12 2 1
github.com/denislavPetkov/sensor/internal/pkg/model/measurement/measurement.go:32.16,34.3 1 0
github.com/denislavPetkov/sensor/internal/pkg/model/measurement/measurement.go:37.18,39.3 1 1
github.com/denislavPetkov/sensor/internal/pkg/model/measurement/measurement.go:41.38,43.17 2 1
github.com/denislavPetkov/sensor/internal/pkg/model/measurement/measurement.go:43.17,45.4 1 0
github.com/denislavPetkov/sensor/internal/pkg/model/measurement/measurement.go:52.79,55.16 2 5
github.com/denislavPetkov/sensor/internal/pkg/model/measurement/measurement.go:59.2,59.34 1 5
github.com/denislavPetkov/sensor/internal/pkg/model/measurement/measurement.go:55.16,57.3 1 0
