mode: atomic
github.com/denislavPetkov/sensor/internal/pkg/model/sensor/sensorimpl/memory_used.go:18.96,24.2 2 0
github.com/denislavPetkov/sensor/internal/pkg/model/sensor/sensorimpl/memory_used.go:26.79,28.16 2 1
github.com/denislavPetkov/sensor/internal/pkg/model/sensor/sensorimpl/memory_used.go:31.2,34.26 3 1
github.com/denislavPetkov/sensor/internal/pkg/model/sensor/sensorimpl/memory_used.go:28.16,30.3 1 0
github.com/denislavPetkov/sensor/internal/pkg/model/sensor/sensorimpl/memory_used.go:37.60,39.16 2 2
github.com/denislavPetkov/sensor/internal/pkg/model/sensor/sensorimpl/memory_used.go:44.2,46.24 2 2
github.com/denislavPetkov/sensor/internal/pkg/model/sensor/sensorimpl/memory_used.go:39.16,42.3 2 0
github.com/denislavPetkov/sensor/internal/pkg/model/sensor/sensorimpl/memory_used.go:49.45,51.2 1 1
github.com/denislavPetkov/sensor/internal/pkg/model/sensor/sensorimpl/memory_used.go:53.67,55.2 1 0
github.com/denislavPetkov/sensor/internal/pkg/model/sensor/sensorimpl/memory_used.go:57.61,59.2 1 0
github.com/denislavPetkov/sensor/internal/pkg/model/sensor/sensorimpl/memory_used.go:61.57,63.2 1 0
github.com/denislavPetkov/sensor/internal/pkg/model/sensor/sensorimpl/memory_used.go:65.76,67.2 1 0
github.com/denislavPetkov/sensor/internal/pkg/model/sensor/sensorimpl/memory_usedpercentage.go:18.106,24.2 2 0
github.com/denislavPetkov/sensor/internal/pkg/model/sensor/sensorimpl/memory_usedpercentage.go:26.89,28.16 2 1
github.com/denislavPetkov/sensor/internal/pkg/model/sensor/sensorimpl/memory_usedpercentage.go:31.2,34.26 3 1
github.com/denislavPetkov/sensor/internal/pkg/model/sensor/sensorimpl/memory_usedpercentage.go:28.16,30.3 1 0
github.com/denislavPetkov/sensor/internal/pkg/model/sensor/sensorimpl/memory_usedpercentage.go:37.80,39.16 2 2
github.com/denislavPetkov/sensor/internal/pkg/model/sensor/sensorimpl/memory_usedpercentage.go:44.2,46.31 2 2
github.com/denislavPetkov/sensor/internal/pkg/model/sensor/sensorimpl/memory_usedpercentage.go:39.16,42.3 2 0
github.com/denislavPetkov/sensor/internal/pkg/model/sensor/sensorimpl/memory_usedpercentage.go:49.55,51.2 1 1
github.com/denislavPetkov/sensor/internal/pkg/model/sensor/sensorimpl/memory_usedpercentage.go:53.77,55.2 1 0
github.com/denislavPetkov/sensor/internal/pkg/model/sensor/sensorimpl/memory_usedpercentage.go:57.71,59.2 1 0
github.com/denislavPetkov/sensor/internal/pkg/model/sensor/sensorimpl/memory_usedpercentage.go:61.67,63.2 1 0
github.com/denislavPetkov/sensor/internal/pkg/model/sensor/sensorimpl/memory_usedpercentage.go:65.86,67.2 1 0
github.com/denislavPetkov/sensor/internal/pkg/model/sensor/sensorimpl/cpu_corescount.go:18.99,24.2 2 1
github.com/denislavPetkov/sensor/internal/pkg/model/sensor/sensorimpl/cpu_corescount.go:26.82,28.16 2 1
github.com/denislavPetkov/sensor/internal/pkg/model/sensor/sensorimpl/cpu_corescount.go:31.2,34.26 3 1
github.com/denislavPetkov/sensor/internal/pkg/model/sensor/sensorimpl/cpu_corescount.go:28.16,30.3 1 0
github.com/denislavPetkov/sensor/internal/pkg/model/sensor/sensorimpl/cpu_corescount.go:37.63,39.16 2 2
github.com/denislavPetkov/sensor/internal/pkg/model/sensor/sensorimpl/cpu_corescount.go:44.2,46.22 2 2
github.com/denislavPetkov/sensor/internal/pkg/model/sensor/sensorimpl/cpu_corescount.go:39.16,42.3 2 0
github.com/denislavPetkov/sensor/internal/pkg/model/sensor/sensorimpl/cpu_corescount.go:49.48,51.2 1 1
github.com/denislavPetkov/sensor/internal/pkg/model/sensor/sensorimpl/cpu_corescount.go:53.70,55.2 1 0
github.com/denislavPetkov/sensor/internal/pkg/model/sensor/sensorimpl/cpu_corescount.go:57.64,59.2 1 0
github.com/denislavPetkov/sensor/internal/pkg/model/sensor/sensorimpl/cpu_corescount.go:61.60,63.2 1 0
github.com/denislavPetkov/sensor/internal/pkg/model/sensor/sensorimpl/cpu_corescount.go:65.79,67.2 1 0
github.com/denislavPetkov/sensor/internal/pkg/model/sensor/sensorimpl/cpu_frequency.go:18.98,24.2 2 0
github.com/denislavPetkov/sensor/internal/pkg/model/sensor/sensorimpl/cpu_frequency.go:26.81,28.16 2 1
github.com/denislavPetkov/sensor/internal/pkg/model/sensor/sensorimpl/cpu_frequency.go:31.2,34.26 3 1
github.com/denislavPetkov/sensor/internal/pkg/model/sensor/sensorimpl/cpu_frequency.go:28.16,30.3 1 0
github.com/denislavPetkov/sensor/internal/pkg/model/sensor/sensorimpl/cpu_frequency.go:37.61,39.16 2 2
github.com/denislavPetkov/sensor/internal/pkg/model/sensor/sensorimpl/cpu_frequency.go:44.2,46.26 2 2
github.com/denislavPetkov/sensor/internal/pkg/model/sensor/sensorimpl/cpu_frequency.go:39.16,42.3 2 0
github.com/denislavPetkov/sensor/internal/pkg/model/sensor/sensorimpl/cpu_frequency.go:49.47,51.2 1 1
github.com/denislavPetkov/sensor/internal/pkg/model/sensor/sensorimpl/cpu_frequency.go:53.69,55.2 1 0
github.com/denislavPetkov/sensor/internal/pkg/model/sensor/sensorimpl/cpu_frequency.go:57.63,59.2 1 0
github.com/denislavPetkov/sensor/internal/pkg/model/sensor/sensorimpl/cpu_frequency.go:61.59,63.2 1 0
github.com/denislavPetkov/sensor/internal/pkg/model/sensor/sensorimpl/cpu_frequency.go:65.78,67.2 1 0
github.com/denislavPetkov/sensor/internal/pkg/model/sensor/sensorimpl/cpu_temperature.go:18.100,24.2 2 0
github.com/denislavPetkov/sensor/internal/pkg/model/sensor/sensorimpl/cpu_temperature.go:26.83,29.16 2 1
github.com/denislavPetkov/sensor/internal/pkg/model/sensor/sensorimpl/cpu_temperature.go:32.2,35.26 3 1
github.com/denislavPetkov/sensor/internal/pkg/model/sensor/sensorimpl/cpu_temperature.go:29.16,31.3 1 0
github.com/denislavPetkov/sensor/internal/pkg/model/sensor/sensorimpl/cpu_temperature.go:41.65,45.16 3 2
github.com/denislavPetkov/sensor/internal/pkg/model/sensor/sensorimpl/cpu_temperature.go:50.2,50.29 1 2
github.com/denislavPetkov/sensor/internal/pkg/model/sensor/sensorimpl/cpu_temperature.go:57.2,57.25 1 2
github.com/denislavPetkov/sensor/internal/pkg/model/sensor/sensorimpl/cpu_temperature.go:45.16,48.3 2 0
github.com/denislavPetkov/sensor/internal/pkg/model/sensor/sensorimpl/cpu_temperature.go:50.29,51.43 1 42
github.com/denislavPetkov/sensor/internal/pkg/model/sensor/sensorimpl/cpu_temperature.go:54.3,54.53 1 2
github.com/denislavPetkov/sensor/internal/pkg/model/sensor/sensorimpl/cpu_temperature.go:51.43,52.12 1 40
github.com/denislavPetkov/sensor/internal/pkg/model/sensor/sensorimpl/cpu_temperature.go:60.49,62.2 1 1
github.com/denislavPetkov/sensor/internal/pkg/model/sensor/sensorimpl/cpu_temperature.go:64.71,66.2 1 0
github.com/denislavPetkov/sensor/internal/pkg/model/sensor/sensorimpl/cpu_temperature.go:68.65,70.2 1 0
github.com/denislavPetkov/sensor/internal/pkg/model/sensor/sensorimpl/cpu_temperature.go:72.61,74.2 1 0
github.com/denislavPetkov/sensor/internal/pkg/model/sensor/sensorimpl/cpu_temperature.go:76.80,78.2 1 0
github.com/denislavPetkov/sensor/internal/pkg/model/sensor/sensorimpl/cpu_usagepercentage.go:18.104,24.2 2 0
github.com/denislavPetkov/sensor/internal/pkg/model/sensor/sensorimpl/cpu_usagepercentage.go:26.87,28.16 2 1
github.com/denislavPetkov/sensor/internal/pkg/model/sensor/sensorimpl/cpu_usagepercentage.go:31.2,34.26 3 1
github.com/denislavPetkov/sensor/internal/pkg/model/sensor/sensorimpl/cpu_usagepercentage.go:28.16,30.3 1 0
github.com/denislavPetkov/sensor/internal/pkg/model/sensor/sensorimpl/cpu_usagepercentage.go:37.73,39.16 2 2
github.com/denislavPetkov/sensor/internal/pkg/model/sensor/sensorimpl/cpu_usagepercentage.go:44.2,46.22 2 2
github.com/denislavPetkov/sensor/internal/pkg/model/sensor/sensorimpl/cpu_usagepercentage.go:39.16,42.3 2 0
github.com/denislavPetkov/sensor/internal/pkg/model/sensor/sensorimpl/cpu_usagepercentage.go:49.53,51.2 1 1
github.com/denislavPetkov/sensor/internal/pkg/model/sensor/sensorimpl/cpu_usagepercentage.go:53.75,55.2 1 0
github.com/denislavPetkov/sensor/internal/pkg/model/sensor/sensorimpl/cpu_usagepercentage.go:57.69,59.2 1 0
github.com/denislavPetkov/sensor/internal/pkg/model/sensor/sensorimpl/cpu_usagepercentage.go:61.65,63.2 1 0
github.com/denislavPetkov/sensor/internal/pkg/model/sensor/sensorimpl/cpu_usagepercentage.go:65.84,67.2 1 0
github.com/denislavPetkov/sensor/internal/pkg/model/sensor/sensorimpl/gpu_memory.go:16.95,22.2 2 0
github.com/denislavPetkov/sensor/internal/pkg/model/sensor/sensorimpl/gpu_memory.go:24.78,30.2 4 1
github.com/denislavPetkov/sensor/internal/pkg/model/sensor/sensorimpl/gpu_memory.go:32.44,34.2 1 0
github.com/denislavPetkov/sensor/internal/pkg/model/sensor/sensorimpl/gpu_memory.go:36.66,38.2 1 0
github.com/denislavPetkov/sensor/internal/pkg/model/sensor/sensorimpl/gpu_memory.go:40.60,42.2 1 0
github.com/denislavPetkov/sensor/internal/pkg/model/sensor/sensorimpl/gpu_memory.go:44.56,46.2 1 0
github.com/denislavPetkov/sensor/internal/pkg/model/sensor/sensorimpl/gpu_memory.go:48.75,50.2 1 0
github.com/denislavPetkov/sensor/internal/pkg/model/sensor/sensorimpl/memory_available.go:18.101,24.2 2 0
github.com/denislavPetkov/sensor/internal/pkg/model/sensor/sensorimpl/memory_available.go:26.84,28.16 2 1
github.com/denislavPetkov/sensor/internal/pkg/model/sensor/sensorimpl/memory_available.go:31.2,34.26 3 1
github.com/denislavPetkov/sensor/internal/pkg/model/sensor/sensorimpl/memory_available.go:28.16,30.3 1 0
github.com/denislavPetkov/sensor/internal/pkg/model/sensor/sensorimpl/memory_available.go:37.70,39.16 2 2
github.com/denislavPetkov/sensor/internal/pkg/model/sensor/sensorimpl/memory_available.go:44.2,46.29 2 2
github.com/denislavPetkov/sensor/internal/pkg/model/sensor/sensorimpl/memory_available.go:39.16,42.3 2 0
github.com/denislavPetkov/sensor/internal/pkg/model/sensor/sensorimpl/memory_available.go:49.50,51.2 1 1
github.com/denislavPetkov/sensor/internal/pkg/model/sensor/sensorimpl/memory_available.go:53.72,55.2 1 0
github.com/denislavPetkov/sensor/internal/pkg/model/sensor/sensorimpl/memory_available.go:57.66,59.2 1 0
github.com/denislavPetkov/sensor/internal/pkg/model/sensor/sensorimpl/memory_available.go:61.62,63.2 1 0
github.com/denislavPetkov/sensor/internal/pkg/model/sensor/sensorimpl/memory_available.go:65.81,67.2 1 0
github.com/denislavPetkov/sensor/internal/pkg/model/sensor/sensorimpl/memory_total.go:19.97,25.2 2 0
github.com/denislavPetkov/sensor/internal/pkg/model/sensor/sensorimpl/memory_total.go:27.80,29.16 2 1
github.com/denislavPetkov/sensor/internal/pkg/model/sensor/sensorimpl/memory_total.go:32.2,35.26 3 1
github.com/denislavPetkov/sensor/internal/pkg/model/sensor/sensorimpl/memory_total.go:29.16,31.3 1 0
github.com/denislavPetkov/sensor/internal/pkg/model/sensor/sensorimpl/memory_total.go:38.62,40.16 2 2
github.com/denislavPetkov/sensor/internal/pkg/model/sensor/sensorimpl/memory_total.go:44.2,48.25 3 2
github.com/denislavPetkov/sensor/internal/pkg/model/sensor/sensorimpl/memory_total.go:40.16,43.3 2 0
github.com/denislavPetkov/sensor/internal/pkg/model/sensor/sensorimpl/memory_total.go:51.46,53.2 1 1
github.com/denislavPetkov/sensor/internal/pkg/model/sensor/sensorimpl/memory_total.go:55.68,57.2 1 0
github.com/denislavPetkov/sensor/internal/pkg/model/sensor/sensorimpl/memory_total.go:59.62,61.2 1 0
github.com/denislavPetkov/sensor/internal/pkg/model/sensor/sensorimpl/memory_total.go:63.58,65.2 1 0
github.com/denislavPetkov/sensor/internal/pkg/model/sensor/sensorimpl/memory_total.go:67.77,69.2 1 0
